  main.cpp
C:\Users\steve\Documents\Development\Aura\Aura\include\gloom.hpp(252,18): warning C4244: '=': conversion from 'int' to 'float', possible loss of data
C:\Users\steve\Documents\Development\Aura\Aura\include\gloom.hpp(253,19): warning C4244: '=': conversion from 'int' to 'float', possible loss of data
C:\Users\steve\Documents\Development\Aura\Aura\include\gloom.hpp(326,45): warning C4244: '=': conversion from 'int' to 'T', possible loss of data
          with
          [
              T=float
          ]
C:\Users\steve\Documents\Development\Aura\Aura\include\gloom.hpp(327,46): warning C4244: '=': conversion from 'int' to 'T', possible loss of data
          with
          [
              T=float
          ]
C:\Users\steve\Documents\Development\Aura\Aura\include\gloom.hpp(506,52): warning C4244: 'argument': conversion from 'T' to 'int', possible loss of data
          with
          [
              T=float
          ]
C:\Users\steve\Documents\Development\Aura\Aura\include\gloom.hpp(506,31): warning C4244: 'argument': conversion from 'T' to 'int', possible loss of data
          with
          [
              T=float
          ]
C:\Users\steve\Documents\Development\Aura\Aura\include\gloom.hpp(902,65): warning C4267: 'argument': conversion from 'size_t' to 'GLsizei', possible loss of data
  Aura.vcxproj -> C:\Users\steve\Documents\Development\Aura\x64\Debug\Aura.exe
